[27-Jun-2024 19:18:56 UTC] Cron reschedule event error for hook: wp_privacy_delete_old_export_files, Error code: could_not_set, Error message: The cron event list could not be saved., Data: {"schedule":"hourly","args":[],"interval":3600}
[29-Jun-2024 12:59:18 UTC] Cron reschedule event error for hook: wp_privacy_delete_old_export_files, Error code: could_not_set, Error message: The cron event list could not be saved., Data: {"schedule":"hourly","args":[],"interval":3600}
[29-Jun-2024 14:17:12 UTC] PHP Warning:  An unexpected error occurred. Something may be wrong with WordPress.org or this server&#8217;s configuration. If you continue to have problems, please try the <a href="https://wordpress.org/support/forums/">support forums</a>. (WordPress could not establish a secure connection to WordPress.org. Please contact your server administrator.) in /home/patrick/Local Sites/unlocker/app/public/wp-includes/update.php on line 211
[29-Jun-2024 14:17:13 UTC] PHP Warning:  An unexpected error occurred. Something may be wrong with WordPress.org or this server&#8217;s configuration. If you continue to have problems, please try the <a href="https://wordpress.org/support/forums/">support forums</a>. (WordPress could not establish a secure connection to WordPress.org. Please contact your server administrator.) in /home/patrick/Local Sites/unlocker/app/public/wp-includes/update.php on line 730
[09-Jul-2024 09:40:13 UTC] Cron reschedule event error for hook: action_scheduler_run_queue, Error code: invalid_schedule, Error message: Event schedule does not exist., Data: {"schedule":"every_minute","args":["WP Cron"],"interval":60}
[09-Jul-2024 10:12:06 UTC] Cron reschedule event error for hook: action_scheduler_run_queue, Error code: invalid_schedule, Error message: Event schedule does not exist., Data: {"schedule":"every_minute","args":["WP Cron"],"interval":60}
[09-Jul-2024 11:10:37 UTC] PHP Warning:  An unexpected error occurred. Something may be wrong with WordPress.org or this server&#8217;s configuration. If you continue to have problems, please try the <a href="https://wordpress.org/support/forums/">support forums</a>. (WordPress could not establish a secure connection to WordPress.org. Please contact your server administrator.) in /home/patrick/Local Sites/unlocker/app/public/wp-admin/includes/translation-install.php on line 68
[09-Jul-2024 11:13:36 UTC] PHP Warning:  Attempt to read property "name" on bool in /home/patrick/Local Sites/unlocker/app/public/wp-admin/nav-menus.php on line 1215
[09-Jul-2024 11:13:36 UTC] PHP Warning:  Attempt to read property "name" on bool in /home/patrick/Local Sites/unlocker/app/public/wp-admin/nav-menus.php on line 1215
[09-Jul-2024 13:22:39 UTC] Erreur d’événement de replanification de tâche pour le crochet action_scheduler_run_queue. Code d’erreur : could_not_set. Message d’erreur : La liste des évènements planifiés n’a pas pu être sauvegardée.. Données : {"schedule":"every_minute","args":["WP Cron"],"interval":60}
[10-Jul-2024 14:51:06 UTC] Erreur d’événement de replanification de tâche pour le crochet action_scheduler_run_queue. Code d’erreur : could_not_set. Message d’erreur : La liste des évènements planifiés n’a pas pu être sauvegardée.. Données : {"schedule":"every_minute","args":["WP Cron"],"interval":60}
[10-Jul-2024 14:52:47 UTC] Erreur d’événement de replanification de tâche pour le crochet action_scheduler_run_queue. Code d’erreur : could_not_set. Message d’erreur : La liste des évènements planifiés n’a pas pu être sauvegardée.. Données : {"schedule":"every_minute","args":["WP Cron"],"interval":60}
[10-Jul-2024 14:52:47 UTC] Erreur d’événement de déplanification de tâche pour le crochet action_scheduler_run_queue. Code d’erreur : could_not_set. Message d’erreur : La liste des évènements planifiés n’a pas pu être sauvegardée.. Données : {"schedule":"every_minute","args":["WP Cron"],"interval":60}
[11-Jul-2024 19:25:15 UTC] Erreur d’événement de replanification de tâche pour le crochet action_scheduler_run_queue. Code d’erreur : could_not_set. Message d’erreur : La liste des évènements planifiés n’a pas pu être sauvegardée.. Données : {"schedule":"every_minute","args":["WP Cron"],"interval":60}
[12-Jul-2024 21:17:59 UTC] Erreur d’événement de replanification de tâche pour le crochet action_scheduler_run_queue. Code d’erreur : could_not_set. Message d’erreur : La liste des évènements planifiés n’a pas pu être sauvegardée.. Données : {"schedule":"every_minute","args":["WP Cron"],"interval":60}
[14-Jul-2024 20:01:10 UTC] PHP Warning:  Cannot modify header information - headers already sent in /home/patrick/Local Sites/unlocker/app/public/wp-includes/load.php on line 386
[14-Jul-2024 20:01:10 UTC] PHP Warning:  Cannot modify header information - headers already sent in /home/patrick/Local Sites/unlocker/app/public/wp-includes/load.php on line 386
[14-Jul-2024 20:01:11 UTC] PHP Warning:  Cannot modify header information - headers already sent in /home/patrick/Local Sites/unlocker/app/public/wp-includes/load.php on line 386
[14-Jul-2024 20:01:11 UTC] PHP Warning:  Cannot modify header information - headers already sent in /home/patrick/Local Sites/unlocker/app/public/wp-includes/load.php on line 386
[14-Jul-2024 20:01:12 UTC] PHP Warning:  Cannot modify header information - headers already sent in /home/patrick/Local Sites/unlocker/app/public/wp-includes/load.php on line 386
[14-Jul-2024 20:01:13 UTC] PHP Warning:  Cannot modify header information - headers already sent in /home/patrick/Local Sites/unlocker/app/public/wp-includes/load.php on line 386
[14-Jul-2024 20:01:13 UTC] PHP Warning:  Cannot modify header information - headers already sent in /home/patrick/Local Sites/unlocker/app/public/wp-includes/load.php on line 386
[14-Jul-2024 20:01:13 UTC] PHP Warning:  Cannot modify header information - headers already sent in /home/patrick/Local Sites/unlocker/app/public/wp-includes/load.php on line 386
[14-Jul-2024 20:01:14 UTC] PHP Warning:  Cannot modify header information - headers already sent in /home/patrick/Local Sites/unlocker/app/public/wp-includes/load.php on line 386
[14-Jul-2024 20:03:58 UTC] PHP Warning:  Cannot modify header information - headers already sent in /home/patrick/Local Sites/unlocker/app/public/wp-includes/load.php on line 386
[14-Jul-2024 20:04:07 UTC] PHP Warning:  Cannot modify header information - headers already sent in /home/patrick/Local Sites/unlocker/app/public/wp-includes/load.php on line 386
[14-Jul-2024 21:45:57 UTC] Erreur d’événement de replanification de tâche pour le crochet action_scheduler_run_queue. Code d’erreur : could_not_set. Message d’erreur : La liste des évènements planifiés n’a pas pu être sauvegardée.. Données : {"schedule":"every_minute","args":["WP Cron"],"interval":60}
[15-Jul-2024 11:29:20 UTC] Erreur d’événement de replanification de tâche pour le crochet action_scheduler_run_queue. Code d’erreur : could_not_set. Message d’erreur : La liste des évènements planifiés n’a pas pu être sauvegardée.. Données : {"schedule":"every_minute","args":["WP Cron"],"interval":60}
