[28-May-2024 15:14:36] NOTICE: fpm is running, pid 19706
[28-May-2024 15:14:36] NOTICE: ready to handle connections
[28-May-2024 16:34:18] NOTICE: Terminating ...
[28-May-2024 16:34:18] NOTICE: Terminating ...
[28-May-2024 16:34:18] NOTICE: exiting, bye-bye!
[27-Jun-2024 10:33:34] NOTICE: fpm is running, pid 12451
[27-Jun-2024 10:33:34] NOTICE: ready to handle connections
[27-Jun-2024 11:13:27] NOTICE: Terminating ...
[27-Jun-2024 11:13:27] NOTICE: Terminating ...
[27-Jun-2024 11:13:27] NOTICE: exiting, bye-bye!
[27-Jun-2024 20:18:06] NOTICE: fpm is running, pid 5113
[27-Jun-2024 20:18:06] NOTICE: ready to handle connections
[27-Jun-2024 20:18:41] NOTICE: Terminating ...
[27-Jun-2024 20:18:41] NOTICE: Terminating ...
[27-Jun-2024 20:18:41] NOTICE: exiting, bye-bye!
[27-Jun-2024 20:18:45] NOTICE: fpm is running, pid 5346
[27-Jun-2024 20:18:45] NOTICE: ready to handle connections
[27-Jun-2024 20:21:11] NOTICE: Terminating ...
[27-Jun-2024 20:21:11] NOTICE: Terminating ...
[27-Jun-2024 20:21:11] NOTICE: exiting, bye-bye!
[27-Jun-2024 20:21:42] NOTICE: fpm is running, pid 5700
[27-Jun-2024 20:21:42] NOTICE: ready to handle connections
[28-Jun-2024 09:42:12] NOTICE: Terminating ...
[28-Jun-2024 09:42:12] NOTICE: exiting, bye-bye!
[29-Jun-2024 13:59:04] NOTICE: fpm is running, pid 73587
[29-Jun-2024 13:59:04] NOTICE: ready to handle connections
[01-Jul-2024 00:35:50] NOTICE: Terminating ...
[01-Jul-2024 00:35:50] NOTICE: exiting, bye-bye!
[09-Jul-2024 09:44:28] NOTICE: fpm is running, pid 18246
[09-Jul-2024 09:44:28] NOTICE: ready to handle connections
[09-Jul-2024 09:45:12] NOTICE: Terminating ...
[09-Jul-2024 09:45:12] NOTICE: Terminating ...
[09-Jul-2024 09:45:12] NOTICE: exiting, bye-bye!
[09-Jul-2024 09:45:15] NOTICE: fpm is running, pid 18466
[09-Jul-2024 09:45:15] NOTICE: ready to handle connections
[09-Jul-2024 14:21:12] NOTICE: Terminating ...
[09-Jul-2024 14:21:13] NOTICE: Terminating ...
[09-Jul-2024 14:21:13] NOTICE: exiting, bye-bye!
[09-Jul-2024 14:21:57] NOTICE: fpm is running, pid 50484
[09-Jul-2024 14:21:57] NOTICE: ready to handle connections
[09-Jul-2024 14:22:17] NOTICE: Terminating ...
[09-Jul-2024 14:22:17] NOTICE: Terminating ...
[09-Jul-2024 14:22:17] NOTICE: exiting, bye-bye!
[09-Jul-2024 14:22:19] NOTICE: fpm is running, pid 50594
[09-Jul-2024 14:22:19] NOTICE: ready to handle connections
[09-Jul-2024 20:18:03] NOTICE: fpm is running, pid 11928
[09-Jul-2024 20:18:03] NOTICE: ready to handle connections
[09-Jul-2024 20:18:18] NOTICE: Terminating ...
[09-Jul-2024 20:18:18] NOTICE: Terminating ...
[09-Jul-2024 20:18:18] NOTICE: exiting, bye-bye!
[09-Jul-2024 20:18:22] NOTICE: fpm is running, pid 12094
[09-Jul-2024 20:18:22] NOTICE: ready to handle connections
[10-Jul-2024 00:53:29] NOTICE: Terminating ...
[10-Jul-2024 00:53:30] NOTICE: Terminating ...
[10-Jul-2024 00:53:30] NOTICE: exiting, bye-bye!
[10-Jul-2024 12:20:18] NOTICE: fpm is running, pid 6478
[10-Jul-2024 12:20:18] NOTICE: ready to handle connections
[10-Jul-2024 12:20:41] NOTICE: Terminating ...
[10-Jul-2024 12:20:41] NOTICE: Terminating ...
[10-Jul-2024 12:20:41] NOTICE: exiting, bye-bye!
[10-Jul-2024 12:20:45] NOTICE: fpm is running, pid 6649
[10-Jul-2024 12:20:45] NOTICE: ready to handle connections
[10-Jul-2024 12:20:57] NOTICE: Terminating ...
[10-Jul-2024 12:20:57] NOTICE: Terminating ...
[10-Jul-2024 12:20:57] NOTICE: exiting, bye-bye!
[10-Jul-2024 12:21:00] NOTICE: fpm is running, pid 6796
[10-Jul-2024 12:21:00] NOTICE: ready to handle connections
[10-Jul-2024 12:21:13] NOTICE: Terminating ...
[10-Jul-2024 12:21:13] NOTICE: Terminating ...
[10-Jul-2024 12:21:13] NOTICE: exiting, bye-bye!
[10-Jul-2024 12:21:20] NOTICE: fpm is running, pid 7060
[10-Jul-2024 12:21:20] NOTICE: ready to handle connections
[10-Jul-2024 12:21:33] NOTICE: Terminating ...
[10-Jul-2024 12:21:33] NOTICE: Terminating ...
[10-Jul-2024 12:21:33] NOTICE: exiting, bye-bye!
[10-Jul-2024 12:21:44] NOTICE: fpm is running, pid 7267
[10-Jul-2024 12:21:44] NOTICE: ready to handle connections
[10-Jul-2024 12:22:10] NOTICE: Terminating ...
[10-Jul-2024 12:22:10] NOTICE: Terminating ...
[10-Jul-2024 12:22:10] NOTICE: exiting, bye-bye!
[10-Jul-2024 12:22:15] NOTICE: fpm is running, pid 7397
[10-Jul-2024 12:22:15] NOTICE: ready to handle connections
[10-Jul-2024 12:22:30] NOTICE: Terminating ...
[10-Jul-2024 12:22:30] NOTICE: Terminating ...
[10-Jul-2024 12:22:30] NOTICE: exiting, bye-bye!
[10-Jul-2024 12:22:33] NOTICE: fpm is running, pid 7674
[10-Jul-2024 12:22:33] NOTICE: ready to handle connections
[10-Jul-2024 12:22:51] NOTICE: Terminating ...
[10-Jul-2024 12:22:51] NOTICE: Terminating ...
[10-Jul-2024 12:22:51] NOTICE: exiting, bye-bye!
[10-Jul-2024 12:23:02] NOTICE: fpm is running, pid 7885
[10-Jul-2024 12:23:02] NOTICE: ready to handle connections
[10-Jul-2024 12:30:04] NOTICE: Terminating ...
[10-Jul-2024 12:30:04] NOTICE: Terminating ...
[10-Jul-2024 12:30:04] NOTICE: exiting, bye-bye!
[10-Jul-2024 15:49:57] NOTICE: fpm is running, pid 7288
[10-Jul-2024 15:49:57] NOTICE: ready to handle connections
[10-Jul-2024 15:50:16] NOTICE: Terminating ...
[10-Jul-2024 15:50:16] NOTICE: Terminating ...
[10-Jul-2024 15:50:16] NOTICE: exiting, bye-bye!
[10-Jul-2024 15:50:20] NOTICE: fpm is running, pid 7379
[10-Jul-2024 15:50:20] NOTICE: ready to handle connections
[10-Jul-2024 16:48:21] NOTICE: Terminating ...
[10-Jul-2024 16:48:21] NOTICE: exiting, bye-bye!
[10-Jul-2024 19:12:43] NOTICE: fpm is running, pid 6516
[10-Jul-2024 19:12:44] NOTICE: ready to handle connections
[10-Jul-2024 19:13:15] NOTICE: Terminating ...
[10-Jul-2024 19:13:15] NOTICE: Terminating ...
[10-Jul-2024 19:13:15] NOTICE: exiting, bye-bye!
[10-Jul-2024 19:13:17] NOTICE: fpm is running, pid 6600
[10-Jul-2024 19:13:17] NOTICE: ready to handle connections
[10-Jul-2024 21:44:40] NOTICE: Terminating ...
[10-Jul-2024 21:44:41] NOTICE: exiting, bye-bye!
[11-Jul-2024 13:31:44] NOTICE: fpm is running, pid 6261
[11-Jul-2024 13:31:44] NOTICE: ready to handle connections
[11-Jul-2024 13:34:11] NOTICE: Terminating ...
[11-Jul-2024 13:34:11] NOTICE: Terminating ...
[11-Jul-2024 13:34:11] NOTICE: exiting, bye-bye!
[11-Jul-2024 13:34:13] NOTICE: fpm is running, pid 6536
[11-Jul-2024 13:34:13] NOTICE: ready to handle connections
[11-Jul-2024 17:06:57] NOTICE: Terminating ...
[11-Jul-2024 17:06:59] NOTICE: exiting, bye-bye!
[11-Jul-2024 20:23:54] NOTICE: fpm is running, pid 5616
[11-Jul-2024 20:23:54] NOTICE: ready to handle connections
[11-Jul-2024 20:24:00] NOTICE: Terminating ...
[11-Jul-2024 20:24:00] NOTICE: Terminating ...
[11-Jul-2024 20:24:00] NOTICE: exiting, bye-bye!
[11-Jul-2024 20:24:10] NOTICE: fpm is running, pid 5834
[11-Jul-2024 20:24:10] NOTICE: ready to handle connections
[11-Jul-2024 20:24:24] NOTICE: Terminating ...
[11-Jul-2024 20:24:24] NOTICE: Terminating ...
[11-Jul-2024 20:24:24] NOTICE: exiting, bye-bye!
[11-Jul-2024 20:24:28] NOTICE: fpm is running, pid 5967
[11-Jul-2024 20:24:28] NOTICE: ready to handle connections
[12-Jul-2024 09:01:02] NOTICE: fpm is running, pid 5176
[12-Jul-2024 09:01:02] NOTICE: ready to handle connections
[12-Jul-2024 09:01:42] NOTICE: Terminating ...
[12-Jul-2024 09:01:42] NOTICE: Terminating ...
[12-Jul-2024 09:01:42] NOTICE: exiting, bye-bye!
[12-Jul-2024 09:01:46] NOTICE: fpm is running, pid 5438
[12-Jul-2024 09:01:46] NOTICE: ready to handle connections
[12-Jul-2024 09:01:59] NOTICE: Terminating ...
[12-Jul-2024 09:01:59] NOTICE: Terminating ...
[12-Jul-2024 09:01:59] NOTICE: exiting, bye-bye!
[12-Jul-2024 09:02:05] NOTICE: fpm is running, pid 5696
[12-Jul-2024 09:02:05] NOTICE: ready to handle connections
[12-Jul-2024 09:02:28] NOTICE: Terminating ...
[12-Jul-2024 09:02:28] NOTICE: Terminating ...
[12-Jul-2024 09:02:28] NOTICE: exiting, bye-bye!
[12-Jul-2024 09:02:32] NOTICE: fpm is running, pid 5879
[12-Jul-2024 09:02:32] NOTICE: ready to handle connections
[12-Jul-2024 09:10:11] NOTICE: Terminating ...
[12-Jul-2024 09:10:11] NOTICE: Terminating ...
[12-Jul-2024 09:10:11] NOTICE: exiting, bye-bye!
[12-Jul-2024 09:10:13] NOTICE: fpm is running, pid 6639
[12-Jul-2024 09:10:13] NOTICE: ready to handle connections
[12-Jul-2024 16:41:34] NOTICE: Terminating ...
[12-Jul-2024 22:17:09] NOTICE: fpm is running, pid 6008
[12-Jul-2024 22:17:09] NOTICE: ready to handle connections
[12-Jul-2024 22:17:41] NOTICE: Terminating ...
[12-Jul-2024 22:17:41] NOTICE: Terminating ...
[12-Jul-2024 22:17:41] NOTICE: exiting, bye-bye!
[12-Jul-2024 22:17:43] NOTICE: fpm is running, pid 6096
[12-Jul-2024 22:17:43] NOTICE: ready to handle connections
[13-Jul-2024 14:55:30] NOTICE: Terminating ...
[13-Jul-2024 14:55:31] NOTICE: exiting, bye-bye!
[14-Jul-2024 14:42:06] NOTICE: fpm is running, pid 32692
[14-Jul-2024 14:42:07] NOTICE: ready to handle connections
[14-Jul-2024 14:42:22] NOTICE: Terminating ...
[14-Jul-2024 14:42:22] NOTICE: Terminating ...
[14-Jul-2024 14:42:22] NOTICE: exiting, bye-bye!
[14-Jul-2024 14:42:24] NOTICE: fpm is running, pid 32790
[14-Jul-2024 14:42:24] NOTICE: ready to handle connections
[14-Jul-2024 20:57:00] NOTICE: Terminating ...
[14-Jul-2024 20:57:01] NOTICE: Terminating ...
[14-Jul-2024 20:57:01] NOTICE: exiting, bye-bye!
[14-Jul-2024 21:00:20] NOTICE: fpm is running, pid 96285
[14-Jul-2024 21:00:20] NOTICE: ready to handle connections
[14-Jul-2024 21:00:20] ERROR: Another FPM instance seems to already listen on /home/patrick/.config/Local/run/LK5JlHZLj/php/php-fpm.socket
[14-Jul-2024 21:00:20] ERROR: FPM initialization failed
[14-Jul-2024 21:00:31] ERROR: Another FPM instance seems to already listen on /home/patrick/.config/Local/run/LK5JlHZLj/php/php-fpm.socket
[14-Jul-2024 21:00:31] ERROR: FPM initialization failed
[14-Jul-2024 21:00:32] ERROR: Another FPM instance seems to already listen on /home/patrick/.config/Local/run/LK5JlHZLj/php/php-fpm.socket
[14-Jul-2024 21:00:32] ERROR: FPM initialization failed
[14-Jul-2024 21:00:35] ERROR: Another FPM instance seems to already listen on /home/patrick/.config/Local/run/LK5JlHZLj/php/php-fpm.socket
[14-Jul-2024 21:00:35] ERROR: FPM initialization failed
[14-Jul-2024 21:00:50] ERROR: Another FPM instance seems to already listen on /home/patrick/.config/Local/run/LK5JlHZLj/php/php-fpm.socket
[14-Jul-2024 21:00:50] ERROR: FPM initialization failed
[14-Jul-2024 21:00:51] ERROR: Another FPM instance seems to already listen on /home/patrick/.config/Local/run/LK5JlHZLj/php/php-fpm.socket
[14-Jul-2024 21:00:51] ERROR: FPM initialization failed
[14-Jul-2024 21:00:52] ERROR: Another FPM instance seems to already listen on /home/patrick/.config/Local/run/LK5JlHZLj/php/php-fpm.socket
[14-Jul-2024 21:00:52] ERROR: FPM initialization failed
[14-Jul-2024 21:00:53] ERROR: Another FPM instance seems to already listen on /home/patrick/.config/Local/run/LK5JlHZLj/php/php-fpm.socket
[14-Jul-2024 21:00:53] ERROR: FPM initialization failed
[14-Jul-2024 21:04:06] ERROR: Another FPM instance seems to already listen on /home/patrick/.config/Local/run/LK5JlHZLj/php/php-fpm.socket
[14-Jul-2024 21:04:06] ERROR: FPM initialization failed
[14-Jul-2024 21:04:07] ERROR: Another FPM instance seems to already listen on /home/patrick/.config/Local/run/LK5JlHZLj/php/php-fpm.socket
[14-Jul-2024 21:04:07] ERROR: FPM initialization failed
[14-Jul-2024 21:04:07] ERROR: Another FPM instance seems to already listen on /home/patrick/.config/Local/run/LK5JlHZLj/php/php-fpm.socket
[14-Jul-2024 21:04:07] ERROR: FPM initialization failed
[14-Jul-2024 21:04:08] ERROR: Another FPM instance seems to already listen on /home/patrick/.config/Local/run/LK5JlHZLj/php/php-fpm.socket
[14-Jul-2024 21:04:08] ERROR: FPM initialization failed
[15-Jul-2024 05:23:09] NOTICE: Terminating ...
[15-Jul-2024 05:23:10] NOTICE: exiting, bye-bye!
[15-Jul-2024 12:28:32] NOTICE: fpm is running, pid 9014
[15-Jul-2024 12:28:33] NOTICE: ready to handle connections
[15-Jul-2024 12:28:44] NOTICE: Terminating ...
[15-Jul-2024 12:28:44] NOTICE: Terminating ...
[15-Jul-2024 12:28:44] NOTICE: exiting, bye-bye!
[15-Jul-2024 12:28:53] NOTICE: fpm is running, pid 9281
[15-Jul-2024 12:28:53] NOTICE: ready to handle connections
